<?xml version="1.0" encoding="UTF-8"?>
<!-- Generated by org.testng.reporters.JUnitReportReporter -->
<testsuite hostname="Pune-Laptop508" failures="0" tests="1" name="uiautomation.uiautomation.CarloanTNG" time="0.017" errors="0" timestamp="2024-10-03T19:16:55 IST" skipped="0">
  <testcase classname="uiautomation.uiautomation.CarloanTNG" name="Demo2" time="0.017"/>
</testsuite> <!-- uiautomation.uiautomation.CarloanTNG -->
