<?xml version="1.0" encoding="UTF-8"?>
<!-- Generated by org.testng.reporters.JUnitReportReporter -->
<testsuite hostname="Pune-Laptop508" failures="0" tests="2" name="uiautomation.uiautomation.TestNG" time="0.013" errors="0" timestamp="2024-10-03T16:18:03 IST" skipped="0">
  <testcase classname="uiautomation.uiautomation.TestNG" name="Demo2" time="0.002"/>
  <testcase classname="uiautomation.uiautomation.TestNG" name="Demo1" time="0.011"/>
</testsuite> <!-- uiautomation.uiautomation.TestNG -->
