<?xml version="1.0" encoding="UTF-8"?>
<!-- Generated by org.testng.reporters.JUnitReportReporter -->
<testsuite hostname="Pune-Laptop508" failures="0" tests="2" name="uiautomation.uiautomation.HomeloanTNG" time="0.010" errors="0" timestamp="2024-10-03T19:16:55 IST" skipped="0">
  <testcase classname="uiautomation.uiautomation.HomeloanTNG" name="BHK2" time="0.003"/>
  <testcase classname="uiautomation.uiautomation.HomeloanTNG" name="BHK1" time="0.007"/>
</testsuite> <!-- uiautomation.uiautomation.HomeloanTNG -->
